<?xml version="1.0" encoding="UTF-8"?>
<!-- Generated by org.testng.reporters.JUnitReportReporter -->
<testsuite skipped="0" hostname="mujeeb" name="testCases.TestCase_004" tests="1" failures="0" timestamp="2023-01-22T12:17:54 IST" time="2.094" errors="0">
  <testcase name="getCookandenjoyElmnt" time="2.094" classname="testCases.TestCase_004"/>
  <system-out>
clicked  </system-out>
</testsuite> <!-- testCases.TestCase_004 -->
