<?xml version="1.0" encoding="UTF-8"?>
<!-- Generated by org.testng.reporters.JUnitReportReporter -->
<testsuite skipped="0" hostname="mujeeb" name="testCases.Testid_001" tests="1" failures="0" timestamp="2023-01-22T12:17:54 IST" time="0.907" errors="0">
  <testcase name="ToclickonSortBy" time="0.907" classname="testCases.Testid_001"/>
  <system-out>
clicked  </system-out>
</testsuite> <!-- testCases.Testid_001 -->
