<?xml version="1.0" encoding="UTF-8"?>
<!-- Generated by org.testng.reporters.JUnitReportReporter -->
<testsuite skipped="0" hostname="mujeeb" name="testCases.Baseclass" tests="1" failures="0" timestamp="2023-01-17T10:46:35 IST" time="15.703" errors="0">
  <testcase name="BrowserLaunch" time="15.703" classname="testCases.Baseclass"/>
  <system-out/>
</testsuite> <!-- testCases.Baseclass -->
