<?xml version="1.0" encoding="UTF-8"?>
<!-- Generated by org.testng.reporters.JUnitReportReporter -->
<testsuite skipped="0" hostname="mujeeb" name="testCases.Testcase_007" tests="1" failures="0" timestamp="2023-01-22T12:17:54 IST" time="0.003" errors="0">
  <testcase name="clickonCompare" time="0.003" classname="testCases.Testcase_007"/>
  <system-out>
clicked  </system-out>
</testsuite> <!-- testCases.Testcase_007 -->
