<?xml version="1.0" encoding="UTF-8"?>
<!-- Generated by org.testng.reporters.JUnitReportReporter -->
<testsuite skipped="0" hostname="mujeeb" name="testCases.TestCase_006" tests="1" failures="0" timestamp="2023-01-22T12:17:54 IST" time="41.332" errors="0">
  <testcase name="clickOnSortByAndSelect" time="41.332" classname="testCases.TestCase_006"/>
  <system-out>
succesfully selected  </system-out>
</testsuite> <!-- testCases.TestCase_006 -->
