<?xml version="1.0" encoding="UTF-8"?>
<!-- Generated by org.testng.reporters.JUnitReportReporter -->
<testsuite skipped="0" hostname="mujeeb" name="testCases.Testcase_003" tests="1" failures="0" timestamp="2023-01-22T12:17:54 IST" time="2.295" errors="0">
  <testcase name="ToClickOnBooksPage" time="2.295" classname="testCases.Testcase_003"/>
  <system-out>
successfully clicked  </system-out>
</testsuite> <!-- testCases.Testcase_003 -->
