<?xml version="1.0" encoding="UTF-8"?>
<!-- Generated by org.testng.reporters.JUnitReportReporter -->
<testsuite skipped="0" hostname="mujeeb" name="testCases.TestCase_005" tests="1" failures="0" timestamp="2023-01-22T12:17:54 IST" time="1.557" errors="0">
  <testcase name="ToSelectpriceButton" time="1.557" classname="testCases.TestCase_005"/>
  <system-out>
clicked  </system-out>
</testsuite> <!-- testCases.TestCase_005 -->
